mode: set
github.com/ion-channel/ion-connect/lib/api.go:41.39,44.2 2 1
github.com/ion-channel/ion-connect/lib/api.go:46.48,52.16 5 1
github.com/ion-channel/ion-connect/lib/api.go:52.16,54.3 1 0
github.com/ion-channel/ion-connect/lib/api.go:55.2,56.16 2 0
github.com/ion-channel/ion-connect/lib/api.go:56.16,60.3 3 0
github.com/ion-channel/ion-connect/lib/api.go:62.2,63.16 2 0
github.com/ion-channel/ion-connect/lib/api.go:63.16,66.17 3 0
github.com/ion-channel/ion-connect/lib/api.go:69.2,71.39 3 0
github.com/ion-channel/ion-connect/lib/api.go:71.39,73.3 1 0
github.com/ion-channel/ion-connect/lib/api.go:73.3,75.3 1 0
github.com/ion-channel/ion-connect/lib/api.go:76.2,76.50 1 0
github.com/ion-channel/ion-connect/lib/api.go:79.182,81.14 2 1
github.com/ion-channel/ion-connect/lib/api.go:81.14,87.3 3 0
github.com/ion-channel/ion-connect/lib/api.go:88.2,90.26 2 1
github.com/ion-channel/ion-connect/lib/api.go:90.26,99.3 7 0
github.com/ion-channel/ion-connect/lib/api.go:99.3,99.32 1 1
github.com/ion-channel/ion-connect/lib/api.go:99.32,104.3 4 1
github.com/ion-channel/ion-connect/lib/api.go:106.2,107.16 2 1
github.com/ion-channel/ion-connect/lib/api.go:107.16,109.3 1 0
github.com/ion-channel/ion-connect/lib/api.go:110.2,121.24 9 1
github.com/ion-channel/ion-connect/lib/api.go:121.24,124.3 2 0
github.com/ion-channel/ion-connect/lib/api.go:125.2,126.32 2 1
github.com/ion-channel/ion-connect/lib/api.go:129.92,130.15 1 1
github.com/ion-channel/ion-connect/lib/api.go:130.15,133.3 2 1
github.com/ion-channel/ion-connect/lib/api.go:133.3,133.69 1 0
github.com/ion-channel/ion-connect/lib/api.go:133.69,137.3 3 0
github.com/ion-channel/ion-connect/lib/api.go:137.3,137.99 1 0
github.com/ion-channel/ion-connect/lib/api.go:137.99,141.3 3 0
github.com/ion-channel/ion-connect/lib/api.go:141.3,141.32 1 0
github.com/ion-channel/ion-connect/lib/api.go:141.32,145.3 3 0
github.com/ion-channel/ion-connect/lib/api.go:147.2,148.16 2 0
github.com/ion-channel/ion-connect/lib/api.go:148.16,150.3 1 0
github.com/ion-channel/ion-connect/lib/api.go:152.2,152.137 1 0
github.com/ion-channel/ion-connect/lib/api.go:155.64,156.51 1 0
github.com/ion-channel/ion-connect/lib/api.go:156.51,159.3 2 0
github.com/ion-channel/ion-connect/lib/api.go:161.2,161.12 1 0
github.com/ion-channel/ion-connect/lib/api.go:164.105,167.43 3 0
github.com/ion-channel/ion-connect/lib/api.go:167.43,169.45 2 0
github.com/ion-channel/ion-connect/lib/api.go:169.45,170.24 1 0
github.com/ion-channel/ion-connect/lib/api.go:170.24,173.5 2 0
github.com/ion-channel/ion-connect/lib/api.go:173.5,176.5 2 0
github.com/ion-channel/ion-connect/lib/api.go:177.4,177.56 1 0
github.com/ion-channel/ion-connect/lib/api.go:177.56,180.4 2 0
github.com/ion-channel/ion-connect/lib/api.go:180.4,180.34 1 0
github.com/ion-channel/ion-connect/lib/api.go:180.34,183.4 2 0
github.com/ion-channel/ion-connect/lib/api.go:186.2,186.20 1 0
github.com/ion-channel/ion-connect/lib/api.go:186.20,188.3 1 0
github.com/ion-channel/ion-connect/lib/api.go:190.2,191.26 2 0
github.com/ion-channel/ion-connect/lib/api.go:194.160,200.16 5 0
github.com/ion-channel/ion-connect/lib/api.go:200.16,202.3 1 0
github.com/ion-channel/ion-connect/lib/api.go:204.2,212.16 6 0
github.com/ion-channel/ion-connect/lib/api.go:212.16,214.3 1 0
github.com/ion-channel/ion-connect/lib/api.go:216.2,217.16 2 0
github.com/ion-channel/ion-connect/lib/api.go:217.16,220.3 2 0
github.com/ion-channel/ion-connect/lib/api.go:222.2,223.16 2 0
github.com/ion-channel/ion-connect/lib/api.go:223.16,225.3 1 0
github.com/ion-channel/ion-connect/lib/api.go:227.2,240.16 11 0
github.com/ion-channel/ion-connect/lib/api.go:240.16,242.3 1 0
github.com/ion-channel/ion-connect/lib/api.go:243.2,245.16 3 0
github.com/ion-channel/ion-connect/lib/api.go:245.16,247.3 1 0
github.com/ion-channel/ion-connect/lib/api.go:249.2,251.16 3 0
github.com/ion-channel/ion-connect/lib/api.go:251.16,252.80 1 0
github.com/ion-channel/ion-connect/lib/api.go:254.2,254.28 1 0
github.com/ion-channel/ion-connect/lib/config.go:41.46,43.35 2 1
github.com/ion-channel/ion-connect/lib/config.go:43.35,44.25 1 1
github.com/ion-channel/ion-connect/lib/config.go:44.25,45.21 1 1
github.com/ion-channel/ion-connect/lib/config.go:45.21,47.5 1 1
github.com/ion-channel/ion-connect/lib/config.go:48.4,49.21 2 1
github.com/ion-channel/ion-connect/lib/config.go:49.21,51.5 1 1
github.com/ion-channel/ion-connect/lib/config.go:52.4,52.27 1 1
github.com/ion-channel/ion-connect/lib/config.go:57.2,57.24 1 1
github.com/ion-channel/ion-connect/lib/config.go:60.62,61.37 1 1
github.com/ion-channel/ion-connect/lib/config.go:61.37,62.28 1 1
github.com/ion-channel/ion-connect/lib/config.go:62.28,64.4 1 1
github.com/ion-channel/ion-connect/lib/config.go:67.2,67.16 1 0
github.com/ion-channel/ion-connect/lib/config.go:70.50,72.37 2 1
github.com/ion-channel/ion-connect/lib/config.go:72.37,73.25 1 1
github.com/ion-channel/ion-connect/lib/config.go:73.25,75.4 1 1
github.com/ion-channel/ion-connect/lib/config.go:78.2,78.14 1 1
github.com/ion-channel/ion-connect/lib/config.go:81.70,84.37 2 1
github.com/ion-channel/ion-connect/lib/config.go:84.37,85.28 1 1
github.com/ion-channel/ion-connect/lib/config.go:85.28,86.34 1 1
github.com/ion-channel/ion-connect/lib/config.go:86.34,87.27 1 1
github.com/ion-channel/ion-connect/lib/config.go:87.27,88.23 1 1
github.com/ion-channel/ion-connect/lib/config.go:88.23,90.7 1 0
github.com/ion-channel/ion-connect/lib/config.go:91.6,92.23 2 1
github.com/ion-channel/ion-connect/lib/config.go:92.23,94.7 1 0
github.com/ion-channel/ion-connect/lib/config.go:95.6,95.29 1 1
github.com/ion-channel/ion-connect/lib/config.go:101.2,101.24 1 1
github.com/ion-channel/ion-connect/lib/config.go:104.45,106.27 2 1
github.com/ion-channel/ion-connect/lib/config.go:106.27,108.41 2 1
github.com/ion-channel/ion-connect/lib/config.go:108.41,110.4 1 1
github.com/ion-channel/ion-connect/lib/config.go:113.2,113.14 1 1
github.com/ion-channel/ion-connect/lib/config.go:116.58,118.2 1 0
github.com/ion-channel/ion-connect/lib/config.go:146.25,148.16 2 1
github.com/ion-channel/ion-connect/lib/config.go:148.16,150.3 1 0
github.com/ion-channel/ion-connect/lib/config.go:153.2,154.16 2 1
github.com/ion-channel/ion-connect/lib/config.go:154.16,156.3 1 0
github.com/ion-channel/ion-connect/lib/config.go:158.2,161.16 3 1
github.com/ion-channel/ion-connect/lib/config.go:161.16,163.3 1 0
github.com/ion-channel/ion-connect/lib/config.go:165.2,165.11 1 1
github.com/ion-channel/ion-connect/lib/config.go:165.11,167.3 1 1
github.com/ion-channel/ion-connect/lib/config.go:168.2,168.15 1 1
github.com/ion-channel/ion-connect/lib/config.go:171.77,172.42 1 1
github.com/ion-channel/ion-connect/lib/config.go:172.42,173.34 1 1
github.com/ion-channel/ion-connect/lib/config.go:173.34,175.4 1 1
github.com/ion-channel/ion-connect/lib/config.go:178.2,178.51 1 1
github.com/ion-channel/ion-connect/lib/config.go:181.122,183.16 2 1
github.com/ion-channel/ion-connect/lib/config.go:183.16,185.3 1 0
github.com/ion-channel/ion-connect/lib/config.go:186.2,186.34 1 1
github.com/ion-channel/ion-connect/lib/config.go:189.103,191.16 2 1
github.com/ion-channel/ion-connect/lib/config.go:191.16,193.3 1 1
github.com/ion-channel/ion-connect/lib/config.go:195.2,195.49 1 1
github.com/ion-channel/ion-connect/lib/config.go:195.49,196.40 1 1
github.com/ion-channel/ion-connect/lib/config.go:196.40,198.4 1 1
github.com/ion-channel/ion-connect/lib/config.go:201.2,201.54 1 1
github.com/ion-channel/ion-connect/lib/config.go:204.44,206.20 2 1
github.com/ion-channel/ion-connect/lib/config.go:206.20,210.3 2 1
github.com/ion-channel/ion-connect/lib/config.go:210.3,213.3 2 1
github.com/ion-channel/ion-connect/lib/config.go:216.44,219.31 3 0
github.com/ion-channel/ion-connect/lib/config.go:219.31,221.3 1 0
github.com/ion-channel/ion-connect/lib/config.go:223.2,228.25 4 0
github.com/ion-channel/ion-connect/lib/config.go:228.25,230.3 1 0
github.com/ion-channel/ion-connect/lib/config.go:233.30,235.22 2 1
github.com/ion-channel/ion-connect/lib/config.go:235.22,238.13 3 1
github.com/ion-channel/ion-connect/lib/config.go:238.13,243.4 4 1
github.com/ion-channel/ion-connect/lib/config.go:243.4,246.4 2 1
github.com/ion-channel/ion-connect/lib/config.go:247.3,250.3 2 1
github.com/ion-channel/ion-connect/lib/config.go:253.40,258.2 4 1
github.com/ion-channel/ion-connect/lib/params.go:99.41,103.16 3 1
github.com/ion-channel/ion-connect/lib/params.go:103.16,106.3 2 0
github.com/ion-channel/ion-connect/lib/params.go:108.2,108.39 1 1
github.com/ion-channel/ion-connect/lib/params.go:108.39,109.32 1 1
github.com/ion-channel/ion-connect/lib/params.go:109.32,110.21 1 1
github.com/ion-channel/ion-connect/lib/params.go:110.21,112.5 1 1
github.com/ion-channel/ion-connect/lib/params.go:116.2,116.27 1 1
github.com/ion-channel/ion-connect/lib/params.go:119.77,120.31 1 1
github.com/ion-channel/ion-connect/lib/params.go:120.31,121.78 1 1
github.com/ion-channel/ion-connect/lib/params.go:121.78,123.4 1 1
github.com/ion-channel/ion-connect/lib/params.go:123.4,123.46 1 0
github.com/ion-channel/ion-connect/lib/params.go:123.46,126.4 2 0
github.com/ion-channel/ion-connect/lib/params.go:128.2,128.15 1 1
github.com/ion-channel/ion-connect/lib/params.go:131.77,132.37 1 1
github.com/ion-channel/ion-connect/lib/params.go:132.37,136.38 4 1
github.com/ion-channel/ion-connect/lib/params.go:136.38,138.4 1 0
github.com/ion-channel/ion-connect/lib/params.go:138.4,140.4 1 1
github.com/ion-channel/ion-connect/lib/params.go:142.2,142.15 1 1
github.com/ion-channel/ion-connect/lib/params.go:145.42,147.2 1 1
github.com/ion-channel/ion-connect/lib/params.go:149.79,151.31 2 1
github.com/ion-channel/ion-connect/lib/params.go:151.31,155.41 3 1
github.com/ion-channel/ion-connect/lib/params.go:155.41,159.18 4 1
github.com/ion-channel/ion-connect/lib/params.go:159.18,160.95 1 0
github.com/ion-channel/ion-connect/lib/params.go:162.4,162.146 1 1
github.com/ion-channel/ion-connect/lib/params.go:163.4,163.47 1 1
github.com/ion-channel/ion-connect/lib/params.go:163.47,167.18 4 1
github.com/ion-channel/ion-connect/lib/params.go:167.18,168.95 1 0
github.com/ion-channel/ion-connect/lib/params.go:170.4,170.148 1 1
github.com/ion-channel/ion-connect/lib/params.go:171.4,171.46 1 1
github.com/ion-channel/ion-connect/lib/params.go:171.46,173.17 2 0
github.com/ion-channel/ion-connect/lib/params.go:173.17,176.5 2 0
github.com/ion-channel/ion-connect/lib/params.go:177.4,178.133 2 0
github.com/ion-channel/ion-connect/lib/params.go:179.4,180.39 1 1
github.com/ion-channel/ion-connect/lib/params.go:180.39,184.19 4 1
github.com/ion-channel/ion-connect/lib/params.go:184.19,187.6 2 0
github.com/ion-channel/ion-connect/lib/params.go:188.5,188.32 1 1
github.com/ion-channel/ion-connect/lib/params.go:190.4,191.17 2 1
github.com/ion-channel/ion-connect/lib/params.go:191.17,194.5 2 0
github.com/ion-channel/ion-connect/lib/params.go:195.4,195.131 1 1
github.com/ion-channel/ion-connect/lib/params.go:198.3,198.29 1 1
github.com/ion-channel/ion-connect/lib/params.go:200.2,200.22 1 1
github.com/ion-channel/ion-connect/lib/params.go:200.22,202.3 1 1
github.com/ion-channel/ion-connect/lib/params.go:203.2,203.15 1 1
github.com/ion-channel/ion-connect/lib/util.go:54.21,56.2 1 1
github.com/ion-channel/ion-connect/lib/util.go:58.26,59.11 1 1
github.com/ion-channel/ion-connect/lib/util.go:59.11,61.3 1 1
github.com/ion-channel/ion-connect/lib/util.go:64.46,65.11 1 1
github.com/ion-channel/ion-connect/lib/util.go:65.11,67.3 1 1
github.com/ion-channel/ion-connect/lib/util.go:70.74,73.16 3 1
github.com/ion-channel/ion-connect/lib/util.go:73.16,75.3 1 0
github.com/ion-channel/ion-connect/lib/util.go:76.2,80.29 4 1
github.com/ion-channel/ion-connect/lib/util.go:80.29,83.3 2 1
github.com/ion-channel/ion-connect/lib/util.go:85.2,85.11 1 1
github.com/ion-channel/ion-connect/lib/util.go:88.57,92.2 3 1
github.com/ion-channel/ion-connect/lib/util.go:94.46,96.16 2 1
github.com/ion-channel/ion-connect/lib/util.go:96.16,99.3 2 0
github.com/ion-channel/ion-connect/lib/util.go:100.2,101.59 2 1
github.com/ion-channel/ion-connect/lib/util.go:101.59,103.3 1 1
github.com/ion-channel/ion-connect/lib/util.go:103.3,108.3 4 1
github.com/ion-channel/ion-connect/lib/util.go:111.43,113.16 2 1
github.com/ion-channel/ion-connect/lib/util.go:113.16,116.3 2 0
github.com/ion-channel/ion-connect/lib/util.go:117.2,117.24 1 1
github.com/ion-channel/ion-connect/lib/util.go:117.24,121.17 4 1
github.com/ion-channel/ion-connect/lib/util.go:121.17,124.4 2 0
github.com/ion-channel/ion-connect/lib/util.go:126.3,127.55 2 1
github.com/ion-channel/ion-connect/lib/util.go:127.55,129.4 1 0
github.com/ion-channel/ion-connect/lib/util.go:129.4,131.4 1 1
github.com/ion-channel/ion-connect/lib/util.go:132.3,141.17 5 1
github.com/ion-channel/ion-connect/lib/util.go:141.17,144.4 2 0
github.com/ion-channel/ion-connect/lib/util.go:145.3,145.52 1 1
github.com/ion-channel/ion-connect/lib/util.go:146.3,148.3 1 0
github.com/ion-channel/ion-connect/lib/util.go:151.44,154.16 3 1
github.com/ion-channel/ion-connect/lib/util.go:154.16,156.3 1 1
github.com/ion-channel/ion-connect/lib/util.go:157.2,157.24 1 1
github.com/ion-channel/ion-connect/lib/util.go:157.24,159.3 1 1
github.com/ion-channel/ion-connect/lib/util.go:160.2,160.18 1 0
github.com/ion-channel/ion-connect/lib/util.go:163.52,166.2 2 1
github.com/ion-channel/ion-connect/lib/util.go:168.28,169.11 1 0
github.com/ion-channel/ion-connect/lib/util.go:169.11,171.3 1 0
github.com/ion-channel/ion-connect/lib/util.go:172.2,172.38 1 0
github.com/ion-channel/ion-connect/main.go:28.24,34.2 5 1
github.com/ion-channel/ion-connect/main.go:36.38,49.2 2 1
github.com/ion-channel/ion-connect/main.go:51.35,56.21 4 1
github.com/ion-channel/ion-connect/main.go:56.21,59.3 2 1
github.com/ion-channel/ion-connect/main.go:61.2,61.24 1 1
github.com/ion-channel/ion-connect/main.go:61.24,64.3 2 1
github.com/ion-channel/ion-connect/main.go:66.2,66.12 1 1
github.com/ion-channel/ion-connect/main.go:69.57,71.43 2 1
github.com/ion-channel/ion-connect/main.go:71.43,72.20 1 1
github.com/ion-channel/ion-connect/main.go:73.3,77.5 1 1
github.com/ion-channel/ion-connect/main.go:78.3,83.5 1 1
github.com/ion-channel/ion-connect/main.go:86.2,86.14 1 1
github.com/ion-channel/ion-connect/main.go:89.90,91.52 2 1
github.com/ion-channel/ion-connect/main.go:91.52,102.3 2 1
github.com/ion-channel/ion-connect/main.go:103.2,103.13 1 1
github.com/ion-channel/ion-connect/main.go:106.108,109.51 2 1
github.com/ion-channel/ion-connect/main.go:109.51,117.3 2 1
github.com/ion-channel/ion-connect/main.go:119.2,124.17 2 1
github.com/ion-channel/ion-connect/main.go:127.16,128.30 1 1
github.com/ion-channel/ion-connect/main.go:128.30,130.3 1 1
github.com/ion-channel/ion-connect/main.go:133.13,146.2 7 0
